0 info it worked if it ends with ok
1 verbose cli [ 'C:\\Program Files\\nodejs\\node.exe',
1 verbose cli   'C:\\Program Files\\nodejs\\node_modules\\npm\\bin\\npm-cli.js',
1 verbose cli   'run',
1 verbose cli   'lint' ]
2 info using npm@3.10.8
3 info using node@v6.9.1
4 verbose run-script [ 'prelint', 'lint', 'postlint' ]
5 info lifecycle ut-run@8.0.6~prelint: ut-run@8.0.6
6 silly lifecycle ut-run@8.0.6~prelint: no script for prelint, continuing
7 info lifecycle ut-run@8.0.6~lint: ut-run@8.0.6
8 verbose lifecycle ut-run@8.0.6~lint: unsafe-perm in lifecycle true
9 verbose lifecycle ut-run@8.0.6~lint: PATH: C:\Program Files\nodejs\node_modules\npm\bin\node-gyp-bin;C:\ut5\impl\@leveloneproject\dfsp-transfer\dev\ut-run\node_modules\.bin;C:\ProgramData\Oracle\Java\javapath;C:\WINDOWS\system32;C:\WINDOWS;C:\WINDOWS\System32\Wbem;C:\WINDOWS\System32\WindowsPowerShell\v1.0\;C:\Program Files\Google\Google Apps Sync\;C:\Program Files\Google\Google Apps Migration\;C:\Program Files\Git\cmd;C:\Program Files\TortoiseGit\bin;C:\Program Files\nodejs\;C:\ut5;C:\Program Files (x86)\Skype\Phone\;C:\Program Files\apache\bin;C:\Program Files (x86)\Microsoft VS Code\bin;C:\Users\stamen.peev\AppData\Local\Microsoft\WindowsApps;C:\Users\stamen.peev\AppData\Roaming\npm
10 verbose lifecycle ut-run@8.0.6~lint: CWD: C:\ut5\impl\@leveloneproject\dfsp-transfer\dev\ut-run
11 silly lifecycle ut-run@8.0.6~lint: Args: [ '/d /s /c', 'ut-lint .' ]
12 silly lifecycle ut-run@8.0.6~lint: Returned: code: 1  signal: null
13 info lifecycle ut-run@8.0.6~lint: Failed to exec lint script
14 verbose stack Error: ut-run@8.0.6 lint: `ut-lint .`
14 verbose stack Exit status 1
14 verbose stack     at EventEmitter.<anonymous> (C:\Program Files\nodejs\node_modules\npm\lib\utils\lifecycle.js:255:16)
14 verbose stack     at emitTwo (events.js:106:13)
14 verbose stack     at EventEmitter.emit (events.js:191:7)
14 verbose stack     at ChildProcess.<anonymous> (C:\Program Files\nodejs\node_modules\npm\lib\utils\spawn.js:40:14)
14 verbose stack     at emitTwo (events.js:106:13)
14 verbose stack     at ChildProcess.emit (events.js:191:7)
14 verbose stack     at maybeClose (internal/child_process.js:877:16)
14 verbose stack     at Process.ChildProcess._handle.onexit (internal/child_process.js:226:5)
15 verbose pkgid ut-run@8.0.6
16 verbose cwd C:\ut5\impl\@leveloneproject\dfsp-transfer\dev\ut-run
17 error Windows_NT 10.0.14393
18 error argv "C:\\Program Files\\nodejs\\node.exe" "C:\\Program Files\\nodejs\\node_modules\\npm\\bin\\npm-cli.js" "run" "lint"
19 error node v6.9.1
20 error npm  v3.10.8
21 error code ELIFECYCLE
22 error ut-run@8.0.6 lint: `ut-lint .`
22 error Exit status 1
23 error Failed at the ut-run@8.0.6 lint script 'ut-lint .'.
23 error Make sure you have the latest version of node.js and npm installed.
23 error If you do, this is most likely a problem with the ut-run package,
23 error not with npm itself.
23 error Tell the author that this fails on your system:
23 error     ut-lint .
23 error You can get information on how to open an issue for this project with:
23 error     npm bugs ut-run
23 error Or if that isn't available, you can get their info via:
23 error     npm owner ls ut-run
23 error There is likely additional logging output above.
24 verbose exit [ 1, true ]
